[2.102s] Invoking command in '/home/lim/bullet_ros/src/bulletros': PYTHONPATH=/home/lim/bullet_ros/src/build/bulletros/prefix_override:/usr/lib/python3/dist-packages/colcon_core/task/python/colcon_distutils_commands:/home/lim/bullet_ros/src/install/bulletros/lib/python3.10/site-packages:${PYTHONPATH} /usr/bin/python3 -W ignore:setup.py install is deprecated setup.py egg_info --egg-base ../build/bulletros build --build-base /home/lim/bullet_ros/src/build/bulletros/build install --record /home/lim/bullet_ros/src/build/bulletros/install.log --single-version-externally-managed install_data
[3.144s] running egg_info
[3.219s] writing ../build/bulletros/bulletros.egg-info/PKG-INFO
[3.271s] writing dependency_links to ../build/bulletros/bulletros.egg-info/dependency_links.txt
[3.436s] writing entry points to ../build/bulletros/bulletros.egg-info/entry_points.txt
[3.552s] writing requirements to ../build/bulletros/bulletros.egg-info/requires.txt
[3.609s] writing top-level names to ../build/bulletros/bulletros.egg-info/top_level.txt
[3.722s] listing git files failed - pretending there aren't any
[3.723s] reading manifest file '../build/bulletros/bulletros.egg-info/SOURCES.txt'
[3.723s] writing manifest file '../build/bulletros/bulletros.egg-info/SOURCES.txt'
[3.724s] running build
[3.724s] running build_py
[3.724s] copying bulletros/pub.py -> /home/lim/bullet_ros/src/build/bulletros/build/lib/bulletros
[3.724s] copying bulletros/sub.py -> /home/lim/bullet_ros/src/build/bulletros/build/lib/bulletros
[3.724s] running install
[3.730s] running install_lib
[3.811s] copying /home/lim/bullet_ros/src/build/bulletros/build/lib/bulletros/pub.py -> /home/lim/bullet_ros/src/install/bulletros/lib/python3.10/site-packages/bulletros
[3.811s] copying /home/lim/bullet_ros/src/build/bulletros/build/lib/bulletros/sub.py -> /home/lim/bullet_ros/src/install/bulletros/lib/python3.10/site-packages/bulletros
[3.812s] byte-compiling /home/lim/bullet_ros/src/install/bulletros/lib/python3.10/site-packages/bulletros/pub.py to pub.cpython-310.pyc
[3.812s] byte-compiling /home/lim/bullet_ros/src/install/bulletros/lib/python3.10/site-packages/bulletros/sub.py to sub.cpython-310.pyc
[3.813s] running install_data
[3.813s] running install_egg_info
[3.893s] removing '/home/lim/bullet_ros/src/install/bulletros/lib/python3.10/site-packages/bulletros-0.0.0-py3.10.egg-info' (and everything under it)
[3.893s] Copying ../build/bulletros/bulletros.egg-info to /home/lim/bullet_ros/src/install/bulletros/lib/python3.10/site-packages/bulletros-0.0.0-py3.10.egg-info
[3.894s] running install_scripts
[4.042s] Installing pub script to /home/lim/bullet_ros/src/install/bulletros/lib/bulletros
[4.042s] Installing sub script to /home/lim/bullet_ros/src/install/bulletros/lib/bulletros
[4.043s] writing list of installed files to '/home/lim/bullet_ros/src/build/bulletros/install.log'
[4.072s] Invoked command in '/home/lim/bullet_ros/src/bulletros' returned '0': PYTHONPATH=/home/lim/bullet_ros/src/build/bulletros/prefix_override:/usr/lib/python3/dist-packages/colcon_core/task/python/colcon_distutils_commands:/home/lim/bullet_ros/src/install/bulletros/lib/python3.10/site-packages:${PYTHONPATH} /usr/bin/python3 -W ignore:setup.py install is deprecated setup.py egg_info --egg-base ../build/bulletros build --build-base /home/lim/bullet_ros/src/build/bulletros/build install --record /home/lim/bullet_ros/src/build/bulletros/install.log --single-version-externally-managed install_data
