[1.882s] Invoking command in '/home/lim/bullet_ros/src/bulletros': PYTHONPATH=/home/lim/bullet_ros/src/build/bulletros/prefix_override:/usr/lib/python3/dist-packages/colcon_core/task/python/colcon_distutils_commands:/home/lim/bullet_ros/src/install/bulletros/lib/python3.10/site-packages:${PYTHONPATH} /usr/bin/python3 -W ignore:setup.py install is deprecated setup.py egg_info --egg-base ../build/bulletros build --build-base /home/lim/bullet_ros/src/build/bulletros/build install --record /home/lim/bullet_ros/src/build/bulletros/install.log --single-version-externally-managed install_data
[2.854s] running egg_info
[2.926s] writing ../build/bulletros/bulletros.egg-info/PKG-INFO
[2.980s] writing dependency_links to ../build/bulletros/bulletros.egg-info/dependency_links.txt
[3.143s] writing entry points to ../build/bulletros/bulletros.egg-info/entry_points.txt
[3.257s] writing requirements to ../build/bulletros/bulletros.egg-info/requires.txt
[3.310s] writing top-level names to ../build/bulletros/bulletros.egg-info/top_level.txt
[3.414s] listing git files failed - pretending there aren't any
[3.414s] reading manifest file '../build/bulletros/bulletros.egg-info/SOURCES.txt'
[3.415s] writing manifest file '../build/bulletros/bulletros.egg-info/SOURCES.txt'
[3.415s] running build
[3.415s] running build_py
[3.416s] running install
[3.421s] running install_lib
[3.487s] running install_data
[3.487s] running install_egg_info
[3.553s] removing '/home/lim/bullet_ros/src/install/bulletros/lib/python3.10/site-packages/bulletros-0.0.0-py3.10.egg-info' (and everything under it)
[3.554s] Copying ../build/bulletros/bulletros.egg-info to /home/lim/bullet_ros/src/install/bulletros/lib/python3.10/site-packages/bulletros-0.0.0-py3.10.egg-info
[3.555s] running install_scripts
[3.688s] Installing pub script to /home/lim/bullet_ros/src/install/bulletros/lib/bulletros
[3.688s] Installing sub script to /home/lim/bullet_ros/src/install/bulletros/lib/bulletros
[3.689s] writing list of installed files to '/home/lim/bullet_ros/src/build/bulletros/install.log'
[3.717s] Invoked command in '/home/lim/bullet_ros/src/bulletros' returned '0': PYTHONPATH=/home/lim/bullet_ros/src/build/bulletros/prefix_override:/usr/lib/python3/dist-packages/colcon_core/task/python/colcon_distutils_commands:/home/lim/bullet_ros/src/install/bulletros/lib/python3.10/site-packages:${PYTHONPATH} /usr/bin/python3 -W ignore:setup.py install is deprecated setup.py egg_info --egg-base ../build/bulletros build --build-base /home/lim/bullet_ros/src/build/bulletros/build install --record /home/lim/bullet_ros/src/build/bulletros/install.log --single-version-externally-managed install_data
