[1.975s] Invoking command in '/home/lim/bullet_ros/src/bulletros': PYTHONPATH=/home/lim/bullet_ros/src/build/bulletros/prefix_override:/usr/lib/python3/dist-packages/colcon_core/task/python/colcon_distutils_commands:/home/lim/bullet_ros/src/install/bulletros/lib/python3.10/site-packages:${PYTHONPATH} /usr/bin/python3 -W ignore:setup.py install is deprecated setup.py egg_info --egg-base ../build/bulletros build --build-base /home/lim/bullet_ros/src/build/bulletros/build install --record /home/lim/bullet_ros/src/build/bulletros/install.log --single-version-externally-managed install_data
[2.971s] running egg_info
[3.045s] writing ../build/bulletros/bulletros.egg-info/PKG-INFO
[3.100s] writing dependency_links to ../build/bulletros/bulletros.egg-info/dependency_links.txt
[3.265s] writing entry points to ../build/bulletros/bulletros.egg-info/entry_points.txt
[3.382s] writing requirements to ../build/bulletros/bulletros.egg-info/requires.txt
[3.436s] writing top-level names to ../build/bulletros/bulletros.egg-info/top_level.txt
[3.551s] listing git files failed - pretending there aren't any
[3.551s] reading manifest file '../build/bulletros/bulletros.egg-info/SOURCES.txt'
[3.552s] writing manifest file '../build/bulletros/bulletros.egg-info/SOURCES.txt'
[3.552s] running build
[3.552s] running build_py
[3.553s] copying bulletros/sub.py -> /home/lim/bullet_ros/src/build/bulletros/build/lib/bulletros
[3.553s] running install
[3.559s] running install_lib
[3.632s] copying /home/lim/bullet_ros/src/build/bulletros/build/lib/bulletros/sub.py -> /home/lim/bullet_ros/src/install/bulletros/lib/python3.10/site-packages/bulletros
[3.633s] byte-compiling /home/lim/bullet_ros/src/install/bulletros/lib/python3.10/site-packages/bulletros/sub.py to sub.cpython-310.pyc
[3.633s] running install_data
[3.633s] running install_egg_info
[3.707s] removing '/home/lim/bullet_ros/src/install/bulletros/lib/python3.10/site-packages/bulletros-0.0.0-py3.10.egg-info' (and everything under it)
[3.708s] Copying ../build/bulletros/bulletros.egg-info to /home/lim/bullet_ros/src/install/bulletros/lib/python3.10/site-packages/bulletros-0.0.0-py3.10.egg-info
[3.709s] running install_scripts
[3.857s] Installing pub script to /home/lim/bullet_ros/src/install/bulletros/lib/bulletros
[3.857s] Installing sub script to /home/lim/bullet_ros/src/install/bulletros/lib/bulletros
[3.857s] writing list of installed files to '/home/lim/bullet_ros/src/build/bulletros/install.log'
[3.886s] Invoked command in '/home/lim/bullet_ros/src/bulletros' returned '0': PYTHONPATH=/home/lim/bullet_ros/src/build/bulletros/prefix_override:/usr/lib/python3/dist-packages/colcon_core/task/python/colcon_distutils_commands:/home/lim/bullet_ros/src/install/bulletros/lib/python3.10/site-packages:${PYTHONPATH} /usr/bin/python3 -W ignore:setup.py install is deprecated setup.py egg_info --egg-base ../build/bulletros build --build-base /home/lim/bullet_ros/src/build/bulletros/build install --record /home/lim/bullet_ros/src/build/bulletros/install.log --single-version-externally-managed install_data
