[1.844s] Invoking command in '/home/lim/bullet_ros/src/bulletros': PYTHONPATH=/home/lim/bullet_ros/src/build/bulletros/prefix_override:/usr/lib/python3/dist-packages/colcon_core/task/python/colcon_distutils_commands:/home/lim/bullet_ros/src/install/bulletros/lib/python3.10/site-packages:${PYTHONPATH} /usr/bin/python3 -W ignore:setup.py install is deprecated setup.py egg_info --egg-base ../build/bulletros build --build-base /home/lim/bullet_ros/src/build/bulletros/build install --record /home/lim/bullet_ros/src/build/bulletros/install.log --single-version-externally-managed install_data
[2.769s] running egg_info
[2.838s] writing ../build/bulletros/bulletros.egg-info/PKG-INFO
[2.890s] writing dependency_links to ../build/bulletros/bulletros.egg-info/dependency_links.txt
[3.044s] writing entry points to ../build/bulletros/bulletros.egg-info/entry_points.txt
[3.153s] writing requirements to ../build/bulletros/bulletros.egg-info/requires.txt
[3.204s] writing top-level names to ../build/bulletros/bulletros.egg-info/top_level.txt
[3.311s] listing git files failed - pretending there aren't any
[3.312s] reading manifest file '../build/bulletros/bulletros.egg-info/SOURCES.txt'
[3.313s] writing manifest file '../build/bulletros/bulletros.egg-info/SOURCES.txt'
[3.313s] running build
[3.313s] running build_py
[3.313s] copying bulletros/pub.py -> /home/lim/bullet_ros/src/build/bulletros/build/lib/bulletros
[3.313s] running install
[3.318s] running install_lib
[3.388s] copying /home/lim/bullet_ros/src/build/bulletros/build/lib/bulletros/pub.py -> /home/lim/bullet_ros/src/install/bulletros/lib/python3.10/site-packages/bulletros
[3.388s] byte-compiling /home/lim/bullet_ros/src/install/bulletros/lib/python3.10/site-packages/bulletros/pub.py to pub.cpython-310.pyc
[3.389s] running install_data
[3.389s] running install_egg_info
[3.458s] removing '/home/lim/bullet_ros/src/install/bulletros/lib/python3.10/site-packages/bulletros-0.0.0-py3.10.egg-info' (and everything under it)
[3.458s] Copying ../build/bulletros/bulletros.egg-info to /home/lim/bullet_ros/src/install/bulletros/lib/python3.10/site-packages/bulletros-0.0.0-py3.10.egg-info
[3.459s] running install_scripts
[3.597s] Installing pub script to /home/lim/bullet_ros/src/install/bulletros/lib/bulletros
[3.598s] Installing sub script to /home/lim/bullet_ros/src/install/bulletros/lib/bulletros
[3.598s] writing list of installed files to '/home/lim/bullet_ros/src/build/bulletros/install.log'
[3.625s] Invoked command in '/home/lim/bullet_ros/src/bulletros' returned '0': PYTHONPATH=/home/lim/bullet_ros/src/build/bulletros/prefix_override:/usr/lib/python3/dist-packages/colcon_core/task/python/colcon_distutils_commands:/home/lim/bullet_ros/src/install/bulletros/lib/python3.10/site-packages:${PYTHONPATH} /usr/bin/python3 -W ignore:setup.py install is deprecated setup.py egg_info --egg-base ../build/bulletros build --build-base /home/lim/bullet_ros/src/build/bulletros/build install --record /home/lim/bullet_ros/src/build/bulletros/install.log --single-version-externally-managed install_data
