running egg_info
creating ../build/bulletros/bulletros.egg-info
writing ../build/bulletros/bulletros.egg-info/PKG-INFO
writing dependency_links to ../build/bulletros/bulletros.egg-info/dependency_links.txt
writing entry points to ../build/bulletros/bulletros.egg-info/entry_points.txt
writing requirements to ../build/bulletros/bulletros.egg-info/requires.txt
writing top-level names to ../build/bulletros/bulletros.egg-info/top_level.txt
writing manifest file '../build/bulletros/bulletros.egg-info/SOURCES.txt'
reading manifest file '../build/bulletros/bulletros.egg-info/SOURCES.txt'
writing manifest file '../build/bulletros/bulletros.egg-info/SOURCES.txt'
running build
running build_py
creating /home/lim/bullet_ros/src/build/bulletros/build
creating /home/lim/bullet_ros/src/build/bulletros/build/lib
creating /home/lim/bullet_ros/src/build/bulletros/build/lib/bulletros
copying bulletros/pub.py -> /home/lim/bullet_ros/src/build/bulletros/build/lib/bulletros
copying bulletros/__init__.py -> /home/lim/bullet_ros/src/build/bulletros/build/lib/bulletros
copying bulletros/sub.py -> /home/lim/bullet_ros/src/build/bulletros/build/lib/bulletros
running install
running install_lib
creating /home/lim/bullet_ros/src/install/bulletros/lib/python3.10/site-packages/bulletros
copying /home/lim/bullet_ros/src/build/bulletros/build/lib/bulletros/pub.py -> /home/lim/bullet_ros/src/install/bulletros/lib/python3.10/site-packages/bulletros
copying /home/lim/bullet_ros/src/build/bulletros/build/lib/bulletros/__init__.py -> /home/lim/bullet_ros/src/install/bulletros/lib/python3.10/site-packages/bulletros
copying /home/lim/bullet_ros/src/build/bulletros/build/lib/bulletros/sub.py -> /home/lim/bullet_ros/src/install/bulletros/lib/python3.10/site-packages/bulletros
byte-compiling /home/lim/bullet_ros/src/install/bulletros/lib/python3.10/site-packages/bulletros/pub.py to pub.cpython-310.pyc
byte-compiling /home/lim/bullet_ros/src/install/bulletros/lib/python3.10/site-packages/bulletros/__init__.py to __init__.cpython-310.pyc
byte-compiling /home/lim/bullet_ros/src/install/bulletros/lib/python3.10/site-packages/bulletros/sub.py to sub.cpython-310.pyc
running install_data
creating /home/lim/bullet_ros/src/install/bulletros/share/ament_index
creating /home/lim/bullet_ros/src/install/bulletros/share/ament_index/resource_index
creating /home/lim/bullet_ros/src/install/bulletros/share/ament_index/resource_index/packages
copying resource/bulletros -> /home/lim/bullet_ros/src/install/bulletros/share/ament_index/resource_index/packages
copying package.xml -> /home/lim/bullet_ros/src/install/bulletros/share/bulletros
running install_egg_info
Copying ../build/bulletros/bulletros.egg-info to /home/lim/bullet_ros/src/install/bulletros/lib/python3.10/site-packages/bulletros-0.0.0-py3.10.egg-info
running install_scripts
Installing pub script to /home/lim/bullet_ros/src/install/bulletros/lib/bulletros
Installing sub script to /home/lim/bullet_ros/src/install/bulletros/lib/bulletros
writing list of installed files to '/home/lim/bullet_ros/src/build/bulletros/install.log'
