[1.885s] Invoking command in '/home/lim/bullet_ros/src/bulletros': PYTHONPATH=/home/lim/bullet_ros/src/build/bulletros/prefix_override:/usr/lib/python3/dist-packages/colcon_core/task/python/colcon_distutils_commands:/home/lim/bullet_ros/src/install/bulletros/lib/python3.10/site-packages:${PYTHONPATH} /usr/bin/python3 -W ignore:setup.py install is deprecated setup.py egg_info --egg-base ../build/bulletros build --build-base /home/lim/bullet_ros/src/build/bulletros/build install --record /home/lim/bullet_ros/src/build/bulletros/install.log --single-version-externally-managed install_data
[2.743s] running egg_info
[2.743s] creating ../build/bulletros/bulletros.egg-info
[2.804s] writing ../build/bulletros/bulletros.egg-info/PKG-INFO
[2.851s] writing dependency_links to ../build/bulletros/bulletros.egg-info/dependency_links.txt
[2.991s] writing entry points to ../build/bulletros/bulletros.egg-info/entry_points.txt
[3.091s] writing requirements to ../build/bulletros/bulletros.egg-info/requires.txt
[3.137s] writing top-level names to ../build/bulletros/bulletros.egg-info/top_level.txt
[3.137s] writing manifest file '../build/bulletros/bulletros.egg-info/SOURCES.txt'
[3.278s] ERROR setuptools_scm._file_finders.git listing git files failed - pretending there aren't any
[3.280s] reading manifest file '../build/bulletros/bulletros.egg-info/SOURCES.txt'
[3.281s] writing manifest file '../build/bulletros/bulletros.egg-info/SOURCES.txt'
[3.281s] running build
[3.281s] running build_py
[3.281s] creating /home/lim/bullet_ros/src/build/bulletros/build
[3.281s] creating /home/lim/bullet_ros/src/build/bulletros/build/lib
[3.281s] creating /home/lim/bullet_ros/src/build/bulletros/build/lib/bulletros
[3.281s] copying bulletros/pub.py -> /home/lim/bullet_ros/src/build/bulletros/build/lib/bulletros
[3.282s] copying bulletros/__init__.py -> /home/lim/bullet_ros/src/build/bulletros/build/lib/bulletros
[3.282s] copying bulletros/sub.py -> /home/lim/bullet_ros/src/build/bulletros/build/lib/bulletros
[3.282s] running install
[3.289s] running install_lib
[3.353s] creating /home/lim/bullet_ros/src/install/bulletros/lib/python3.10/site-packages/bulletros
[3.353s] copying /home/lim/bullet_ros/src/build/bulletros/build/lib/bulletros/pub.py -> /home/lim/bullet_ros/src/install/bulletros/lib/python3.10/site-packages/bulletros
[3.353s] copying /home/lim/bullet_ros/src/build/bulletros/build/lib/bulletros/__init__.py -> /home/lim/bullet_ros/src/install/bulletros/lib/python3.10/site-packages/bulletros
[3.353s] copying /home/lim/bullet_ros/src/build/bulletros/build/lib/bulletros/sub.py -> /home/lim/bullet_ros/src/install/bulletros/lib/python3.10/site-packages/bulletros
[3.354s] byte-compiling /home/lim/bullet_ros/src/install/bulletros/lib/python3.10/site-packages/bulletros/pub.py to pub.cpython-310.pyc
[3.354s] byte-compiling /home/lim/bullet_ros/src/install/bulletros/lib/python3.10/site-packages/bulletros/__init__.py to __init__.cpython-310.pyc
[3.354s] byte-compiling /home/lim/bullet_ros/src/install/bulletros/lib/python3.10/site-packages/bulletros/sub.py to sub.cpython-310.pyc
[3.355s] running install_data
[3.355s] creating /home/lim/bullet_ros/src/install/bulletros/share/ament_index
[3.355s] creating /home/lim/bullet_ros/src/install/bulletros/share/ament_index/resource_index
[3.355s] creating /home/lim/bullet_ros/src/install/bulletros/share/ament_index/resource_index/packages
[3.355s] copying resource/bulletros -> /home/lim/bullet_ros/src/install/bulletros/share/ament_index/resource_index/packages
[3.355s] copying package.xml -> /home/lim/bullet_ros/src/install/bulletros/share/bulletros
[3.356s] running install_egg_info
[3.419s] Copying ../build/bulletros/bulletros.egg-info to /home/lim/bullet_ros/src/install/bulletros/lib/python3.10/site-packages/bulletros-0.0.0-py3.10.egg-info
[3.420s] running install_scripts
[3.549s] Installing pub script to /home/lim/bullet_ros/src/install/bulletros/lib/bulletros
[3.549s] Installing sub script to /home/lim/bullet_ros/src/install/bulletros/lib/bulletros
[3.549s] writing list of installed files to '/home/lim/bullet_ros/src/build/bulletros/install.log'
[3.577s] Invoked command in '/home/lim/bullet_ros/src/bulletros' returned '0': PYTHONPATH=/home/lim/bullet_ros/src/build/bulletros/prefix_override:/usr/lib/python3/dist-packages/colcon_core/task/python/colcon_distutils_commands:/home/lim/bullet_ros/src/install/bulletros/lib/python3.10/site-packages:${PYTHONPATH} /usr/bin/python3 -W ignore:setup.py install is deprecated setup.py egg_info --egg-base ../build/bulletros build --build-base /home/lim/bullet_ros/src/build/bulletros/build install --record /home/lim/bullet_ros/src/build/bulletros/install.log --single-version-externally-managed install_data
