[1.391s] DEBUG:colcon:Command line arguments: ['/usr/bin/colcon', 'build']
[1.391s] DEBUG:colcon:Parsed command line arguments: Namespace(log_base=None, log_level=None, verb_name='build', build_base='build', install_base='install', merge_install=False, symlink_install=False, test_result_base=None, continue_on_error=False, executor='parallel', parallel_workers=8, event_handlers=None, ignore_user_meta=False, metas=['./colcon.meta'], base_paths=['.'], packages_ignore=None, packages_ignore_regex=None, paths=None, packages_up_to=None, packages_up_to_regex=None, packages_above=None, packages_above_and_dependencies=None, packages_above_depth=None, packages_select_by_dep=None, packages_skip_by_dep=None, packages_skip_up_to=None, packages_select_build_failed=False, packages_skip_build_finished=False, packages_select_test_failures=False, packages_skip_test_passed=False, packages_select=None, packages_skip=None, packages_select_regex=None, packages_skip_regex=None, packages_start=None, packages_end=None, allow_overriding=[], cmake_args=None, cmake_target=None, cmake_target_skip_unavailable=False, cmake_clean_cache=False, cmake_clean_first=False, cmake_force_configure=False, ament_cmake_args=None, catkin_cmake_args=None, catkin_skip_building_tests=False, verb_parser=<colcon_defaults.argument_parser.defaults.DefaultArgumentsDecorator object at 0x70151af05c30>, verb_extension=<colcon_core.verb.build.BuildVerb object at 0x70151b04e740>, main=<bound method BuildVerb.main of <colcon_core.verb.build.BuildVerb object at 0x70151b04e740>>)
[2.688s] Level 1:colcon.colcon_core.package_discovery:discover_packages(colcon_meta) check parameters
[2.688s] Level 1:colcon.colcon_core.package_discovery:discover_packages(recursive) check parameters
[2.688s] Level 1:colcon.colcon_core.package_discovery:discover_packages(ignore) check parameters
[2.688s] Level 1:colcon.colcon_core.package_discovery:discover_packages(path) check parameters
[2.688s] Level 1:colcon.colcon_core.package_discovery:discover_packages(colcon_meta) discover
[2.688s] Level 1:colcon.colcon_core.package_discovery:discover_packages(recursive) discover
[2.689s] INFO:colcon.colcon_core.package_discovery:Crawling recursively for packages in '/home/lim/bullet_ros/src'
[2.689s] Level 1:colcon.colcon_core.package_identification:_identify(.) by extensions ['ignore', 'ignore_ament_install']
[2.689s] Level 1:colcon.colcon_core.package_identification:_identify(.) by extension 'ignore'
[2.689s] Level 1:colcon.colcon_core.package_identification:_identify(.) by extension 'ignore_ament_install'
[2.689s] Level 1:colcon.colcon_core.package_identification:_identify(.) by extensions ['colcon_pkg']
[2.689s] Level 1:colcon.colcon_core.package_identification:_identify(.) by extension 'colcon_pkg'
[2.689s] Level 1:colcon.colcon_core.package_identification:_identify(.) by extensions ['colcon_meta']
[2.689s] Level 1:colcon.colcon_core.package_identification:_identify(.) by extension 'colcon_meta'
[2.689s] Level 1:colcon.colcon_core.package_identification:_identify(.) by extensions ['ros']
[2.689s] Level 1:colcon.colcon_core.package_identification:_identify(.) by extension 'ros'
[2.756s] Level 1:colcon.colcon_core.package_identification:_identify(.) by extensions ['cmake', 'python']
[2.756s] Level 1:colcon.colcon_core.package_identification:_identify(.) by extension 'cmake'
[2.756s] Level 1:colcon.colcon_core.package_identification:_identify(.) by extension 'python'
[2.756s] Level 1:colcon.colcon_core.package_identification:_identify(.) by extensions ['python_setup_py']
[2.756s] Level 1:colcon.colcon_core.package_identification:_identify(.) by extension 'python_setup_py'
[2.757s] Level 1:colcon.colcon_core.package_identification:_identify(build) by extensions ['ignore', 'ignore_ament_install']
[2.757s] Level 1:colcon.colcon_core.package_identification:_identify(build) by extension 'ignore'
[2.757s] Level 1:colcon.colcon_core.package_identification:_identify(build) ignored
[2.757s] Level 1:colcon.colcon_core.package_identification:_identify(bulletros) by extensions ['ignore', 'ignore_ament_install']
[2.758s] Level 1:colcon.colcon_core.package_identification:_identify(bulletros) by extension 'ignore'
[2.758s] Level 1:colcon.colcon_core.package_identification:_identify(bulletros) by extension 'ignore_ament_install'
[2.758s] Level 1:colcon.colcon_core.package_identification:_identify(bulletros) by extensions ['colcon_pkg']
[2.758s] Level 1:colcon.colcon_core.package_identification:_identify(bulletros) by extension 'colcon_pkg'
[2.758s] Level 1:colcon.colcon_core.package_identification:_identify(bulletros) by extensions ['colcon_meta']
[2.758s] Level 1:colcon.colcon_core.package_identification:_identify(bulletros) by extension 'colcon_meta'
[2.758s] Level 1:colcon.colcon_core.package_identification:_identify(bulletros) by extensions ['ros']
[2.758s] Level 1:colcon.colcon_core.package_identification:_identify(bulletros) by extension 'ros'
[2.763s] DEBUG:colcon.colcon_core.package_identification:Package 'bulletros' with type 'ros.ament_python' and name 'bulletros'
[2.764s] Level 1:colcon.colcon_core.package_identification:_identify(install) by extensions ['ignore', 'ignore_ament_install']
[2.764s] Level 1:colcon.colcon_core.package_identification:_identify(install) by extension 'ignore'
[2.764s] Level 1:colcon.colcon_core.package_identification:_identify(install) ignored
[2.764s] Level 1:colcon.colcon_core.package_identification:_identify(log) by extensions ['ignore', 'ignore_ament_install']
[2.764s] Level 1:colcon.colcon_core.package_identification:_identify(log) by extension 'ignore'
[2.764s] Level 1:colcon.colcon_core.package_identification:_identify(log) ignored
[2.765s] Level 1:colcon.colcon_core.package_discovery:discover_packages(recursive) using defaults
[2.765s] Level 1:colcon.colcon_core.package_discovery:discover_packages(ignore) discover
[2.765s] Level 1:colcon.colcon_core.package_discovery:discover_packages(ignore) using defaults
[2.765s] Level 1:colcon.colcon_core.package_discovery:discover_packages(path) discover
[2.765s] Level 1:colcon.colcon_core.package_discovery:discover_packages(path) using defaults
[2.868s] Level 1:colcon.colcon_core.package_discovery:discover_packages(prefix_path) check parameters
[2.868s] Level 1:colcon.colcon_core.package_discovery:discover_packages(prefix_path) discover
[2.872s] DEBUG:colcon.colcon_installed_package_information.package_discovery:Found 272 installed packages in /opt/ros/humble
[2.873s] Level 1:colcon.colcon_core.package_discovery:discover_packages(prefix_path) using defaults
[2.919s] Level 5:colcon.colcon_core.verb:set package 'bulletros' build argument 'cmake_args' from command line to 'None'
[2.919s] Level 5:colcon.colcon_core.verb:set package 'bulletros' build argument 'cmake_target' from command line to 'None'
[2.919s] Level 5:colcon.colcon_core.verb:set package 'bulletros' build argument 'cmake_target_skip_unavailable' from command line to 'False'
[2.919s] Level 5:colcon.colcon_core.verb:set package 'bulletros' build argument 'cmake_clean_cache' from command line to 'False'
[2.920s] Level 5:colcon.colcon_core.verb:set package 'bulletros' build argument 'cmake_clean_first' from command line to 'False'
[2.920s] Level 5:colcon.colcon_core.verb:set package 'bulletros' build argument 'cmake_force_configure' from command line to 'False'
[2.920s] Level 5:colcon.colcon_core.verb:set package 'bulletros' build argument 'ament_cmake_args' from command line to 'None'
[2.920s] Level 5:colcon.colcon_core.verb:set package 'bulletros' build argument 'catkin_cmake_args' from command line to 'None'
[2.920s] Level 5:colcon.colcon_core.verb:set package 'bulletros' build argument 'catkin_skip_building_tests' from command line to 'False'
[2.920s] DEBUG:colcon.colcon_core.verb:Building package 'bulletros' with the following arguments: {'ament_cmake_args': None, 'build_base': '/home/lim/bullet_ros/src/build/bulletros', 'catkin_cmake_args': None, 'catkin_skip_building_tests': False, 'cmake_args': None, 'cmake_clean_cache': False, 'cmake_clean_first': False, 'cmake_force_configure': False, 'cmake_target': None, 'cmake_target_skip_unavailable': False, 'install_base': '/home/lim/bullet_ros/src/install/bulletros', 'merge_install': False, 'path': '/home/lim/bullet_ros/src/bulletros', 'symlink_install': False, 'test_result_base': None}
[2.920s] INFO:colcon.colcon_core.executor:Executing jobs using 'parallel' executor
[2.921s] DEBUG:colcon.colcon_parallel_executor.executor.parallel:run_until_complete
[2.921s] INFO:colcon.colcon_ros.task.ament_python.build:Building ROS package in '/home/lim/bullet_ros/src/bulletros' with build type 'ament_python'
[2.921s] Level 1:colcon.colcon_core.shell:create_environment_hook('bulletros', 'ament_prefix_path')
[2.940s] INFO:colcon.colcon_core.plugin_system:Skipping extension 'colcon_core.shell.bat': Not used on non-Windows systems
[2.940s] INFO:colcon.colcon_core.shell:Creating environment hook '/home/lim/bullet_ros/src/install/bulletros/share/bulletros/hook/ament_prefix_path.ps1'
[2.954s] INFO:colcon.colcon_core.shell:Creating environment descriptor '/home/lim/bullet_ros/src/install/bulletros/share/bulletros/hook/ament_prefix_path.dsv'
[2.955s] INFO:colcon.colcon_core.shell:Creating environment hook '/home/lim/bullet_ros/src/install/bulletros/share/bulletros/hook/ament_prefix_path.sh'
[2.957s] INFO:colcon.colcon_core.shell:Skip shell extension 'powershell' for command environment: Not usable outside of PowerShell
[2.958s] DEBUG:colcon.colcon_core.shell:Skip shell extension 'dsv' for command environment
[3.698s] INFO:colcon.colcon_core.task.python.build:Building Python package in '/home/lim/bullet_ros/src/bulletros'
[3.698s] INFO:colcon.colcon_core.shell:Skip shell extension 'powershell' for command environment: Not usable outside of PowerShell
[3.698s] DEBUG:colcon.colcon_core.shell:Skip shell extension 'dsv' for command environment
[4.865s] DEBUG:colcon.colcon_core.event_handler.log_command:Invoking command in '/home/lim/bullet_ros/src/bulletros': PYTHONPATH=/home/lim/bullet_ros/src/build/bulletros/prefix_override:/usr/lib/python3/dist-packages/colcon_core/task/python/colcon_distutils_commands:/home/lim/bullet_ros/src/install/bulletros/lib/python3.10/site-packages:${PYTHONPATH} /usr/bin/python3 -W ignore:setup.py install is deprecated setup.py egg_info --egg-base ../build/bulletros build --build-base /home/lim/bullet_ros/src/build/bulletros/build install --record /home/lim/bullet_ros/src/build/bulletros/install.log --single-version-externally-managed install_data
[6.528s] DEBUG:colcon.colcon_core.event_handler.log_command:Invoked command in '/home/lim/bullet_ros/src/bulletros' returned '0': PYTHONPATH=/home/lim/bullet_ros/src/build/bulletros/prefix_override:/usr/lib/python3/dist-packages/colcon_core/task/python/colcon_distutils_commands:/home/lim/bullet_ros/src/install/bulletros/lib/python3.10/site-packages:${PYTHONPATH} /usr/bin/python3 -W ignore:setup.py install is deprecated setup.py egg_info --egg-base ../build/bulletros build --build-base /home/lim/bullet_ros/src/build/bulletros/build install --record /home/lim/bullet_ros/src/build/bulletros/install.log --single-version-externally-managed install_data
[6.532s] Level 1:colcon.colcon_core.environment:checking '/home/lim/bullet_ros/src/install/bulletros' for CMake module files
[6.532s] Level 1:colcon.colcon_core.environment:checking '/home/lim/bullet_ros/src/install/bulletros' for CMake config files
[6.533s] Level 1:colcon.colcon_core.environment:checking '/home/lim/bullet_ros/src/install/bulletros/lib'
[6.533s] Level 1:colcon.colcon_core.environment:checking '/home/lim/bullet_ros/src/install/bulletros/bin'
[6.533s] Level 1:colcon.colcon_core.environment:checking '/home/lim/bullet_ros/src/install/bulletros/lib/pkgconfig/bulletros.pc'
[6.533s] Level 1:colcon.colcon_core.environment:checking '/home/lim/bullet_ros/src/install/bulletros/lib/python3.10/site-packages'
[6.533s] Level 1:colcon.colcon_core.shell:create_environment_hook('bulletros', 'pythonpath')
[6.533s] INFO:colcon.colcon_core.shell:Creating environment hook '/home/lim/bullet_ros/src/install/bulletros/share/bulletros/hook/pythonpath.ps1'
[6.534s] INFO:colcon.colcon_core.shell:Creating environment descriptor '/home/lim/bullet_ros/src/install/bulletros/share/bulletros/hook/pythonpath.dsv'
[6.534s] INFO:colcon.colcon_core.shell:Creating environment hook '/home/lim/bullet_ros/src/install/bulletros/share/bulletros/hook/pythonpath.sh'
[6.535s] Level 1:colcon.colcon_core.environment:checking '/home/lim/bullet_ros/src/install/bulletros/bin'
[6.535s] Level 1:colcon.colcon_core.environment:create_environment_scripts_only(bulletros)
[6.535s] INFO:colcon.colcon_core.shell:Creating package script '/home/lim/bullet_ros/src/install/bulletros/share/bulletros/package.ps1'
[6.536s] INFO:colcon.colcon_core.shell:Creating package descriptor '/home/lim/bullet_ros/src/install/bulletros/share/bulletros/package.dsv'
[6.537s] INFO:colcon.colcon_core.shell:Creating package script '/home/lim/bullet_ros/src/install/bulletros/share/bulletros/package.sh'
[6.537s] INFO:colcon.colcon_core.shell:Creating package script '/home/lim/bullet_ros/src/install/bulletros/share/bulletros/package.bash'
[6.564s] INFO:colcon.colcon_core.shell:Creating package script '/home/lim/bullet_ros/src/install/bulletros/share/bulletros/package.zsh'
[6.574s] Level 1:colcon.colcon_core.environment:create_file_with_runtime_dependencies(/home/lim/bullet_ros/src/install/bulletros/share/colcon-core/packages/bulletros)
[6.575s] DEBUG:colcon.colcon_parallel_executor.executor.parallel:closing loop
[6.575s] DEBUG:colcon.colcon_parallel_executor.executor.parallel:loop closed
[6.575s] DEBUG:colcon.colcon_parallel_executor.executor.parallel:run_until_complete finished with '0'
[6.575s] DEBUG:colcon.colcon_core.event_reactor:joining thread
[6.582s] INFO:colcon.colcon_core.plugin_system:Skipping extension 'colcon_notification.desktop_notification.terminal_notifier': Not used on non-Darwin systems
[6.582s] INFO:colcon.colcon_core.plugin_system:Skipping extension 'colcon_notification.desktop_notification.win32': Not used on non-Windows systems
[6.582s] INFO:colcon.colcon_notification.desktop_notification:Sending desktop notification using 'notify2'
[6.599s] DEBUG:colcon.colcon_core.event_reactor:joined thread
[6.599s] INFO:colcon.colcon_core.shell:Creating prefix script '/home/lim/bullet_ros/src/install/local_setup.ps1'
[6.601s] INFO:colcon.colcon_core.shell:Creating prefix util module '/home/lim/bullet_ros/src/install/_local_setup_util_ps1.py'
[6.615s] INFO:colcon.colcon_core.shell:Creating prefix chain script '/home/lim/bullet_ros/src/install/setup.ps1'
[6.616s] INFO:colcon.colcon_core.shell:Creating prefix script '/home/lim/bullet_ros/src/install/local_setup.sh'
[6.617s] INFO:colcon.colcon_core.shell:Creating prefix util module '/home/lim/bullet_ros/src/install/_local_setup_util_sh.py'
[6.618s] INFO:colcon.colcon_core.shell:Creating prefix chain script '/home/lim/bullet_ros/src/install/setup.sh'
[6.619s] INFO:colcon.colcon_core.shell:Creating prefix script '/home/lim/bullet_ros/src/install/local_setup.bash'
[6.619s] INFO:colcon.colcon_core.shell:Creating prefix chain script '/home/lim/bullet_ros/src/install/setup.bash'
[6.620s] INFO:colcon.colcon_core.shell:Creating prefix script '/home/lim/bullet_ros/src/install/local_setup.zsh'
[6.621s] INFO:colcon.colcon_core.shell:Creating prefix chain script '/home/lim/bullet_ros/src/install/setup.zsh'
