[2.361s] Invoking command in '/home/lim/bullet_ros/src/bulletros': PYTHONPATH=/home/lim/bullet_ros/src/build/bulletros/prefix_override:/usr/lib/python3/dist-packages/colcon_core/task/python/colcon_distutils_commands:/home/lim/bullet_ros/src/install/bulletros/lib/python3.10/site-packages:${PYTHONPATH} /usr/bin/python3 -W ignore:setup.py install is deprecated setup.py egg_info --egg-base ../build/bulletros build --build-base /home/lim/bullet_ros/src/build/bulletros/build install --record /home/lim/bullet_ros/src/build/bulletros/install.log --single-version-externally-managed install_data
[3.641s] running egg_info
[3.751s] writing ../build/bulletros/bulletros.egg-info/PKG-INFO
[3.831s] writing dependency_links to ../build/bulletros/bulletros.egg-info/dependency_links.txt
[4.106s] writing entry points to ../build/bulletros/bulletros.egg-info/entry_points.txt
[4.292s] writing requirements to ../build/bulletros/bulletros.egg-info/requires.txt
[4.383s] writing top-level names to ../build/bulletros/bulletros.egg-info/top_level.txt
[4.555s] listing git files failed - pretending there aren't any
[4.556s] reading manifest file '../build/bulletros/bulletros.egg-info/SOURCES.txt'
[4.557s] writing manifest file '../build/bulletros/bulletros.egg-info/SOURCES.txt'
[4.558s] running build
[4.558s] running build_py
[4.558s] copying bulletros/sub.py -> /home/lim/bullet_ros/src/build/bulletros/build/lib/bulletros
[4.558s] running install
[4.566s] running install_lib
[4.674s] copying /home/lim/bullet_ros/src/build/bulletros/build/lib/bulletros/sub.py -> /home/lim/bullet_ros/src/install/bulletros/lib/python3.10/site-packages/bulletros
[4.675s] byte-compiling /home/lim/bullet_ros/src/install/bulletros/lib/python3.10/site-packages/bulletros/sub.py to sub.cpython-310.pyc
[4.676s] running install_data
[4.676s] running install_egg_info
[4.786s] removing '/home/lim/bullet_ros/src/install/bulletros/lib/python3.10/site-packages/bulletros-0.0.0-py3.10.egg-info' (and everything under it)
[4.786s] Copying ../build/bulletros/bulletros.egg-info to /home/lim/bullet_ros/src/install/bulletros/lib/python3.10/site-packages/bulletros-0.0.0-py3.10.egg-info
[4.787s] running install_scripts
[5.027s] Installing pub script to /home/lim/bullet_ros/src/install/bulletros/lib/bulletros
[5.027s] Installing sub script to /home/lim/bullet_ros/src/install/bulletros/lib/bulletros
[5.028s] writing list of installed files to '/home/lim/bullet_ros/src/build/bulletros/install.log'
[5.077s] Invoked command in '/home/lim/bullet_ros/src/bulletros' returned '0': PYTHONPATH=/home/lim/bullet_ros/src/build/bulletros/prefix_override:/usr/lib/python3/dist-packages/colcon_core/task/python/colcon_distutils_commands:/home/lim/bullet_ros/src/install/bulletros/lib/python3.10/site-packages:${PYTHONPATH} /usr/bin/python3 -W ignore:setup.py install is deprecated setup.py egg_info --egg-base ../build/bulletros build --build-base /home/lim/bullet_ros/src/build/bulletros/build install --record /home/lim/bullet_ros/src/build/bulletros/install.log --single-version-externally-managed install_data
