[1.957s] Invoking command in '/home/lim/bullet_ros/src/bulletros': PYTHONPATH=/home/lim/bullet_ros/src/build/bulletros/prefix_override:/usr/lib/python3/dist-packages/colcon_core/task/python/colcon_distutils_commands:/home/lim/bullet_ros/src/install/bulletros/lib/python3.10/site-packages:${PYTHONPATH} /usr/bin/python3 -W ignore:setup.py install is deprecated setup.py egg_info --egg-base ../build/bulletros build --build-base /home/lim/bullet_ros/src/build/bulletros/build install --record /home/lim/bullet_ros/src/build/bulletros/install.log --single-version-externally-managed install_data
[2.808s] running egg_info
[2.871s] writing ../build/bulletros/bulletros.egg-info/PKG-INFO
[2.917s] writing dependency_links to ../build/bulletros/bulletros.egg-info/dependency_links.txt
[3.057s] writing entry points to ../build/bulletros/bulletros.egg-info/entry_points.txt
[3.155s] writing requirements to ../build/bulletros/bulletros.egg-info/requires.txt
[3.216s] writing top-level names to ../build/bulletros/bulletros.egg-info/top_level.txt
[3.371s] listing git files failed - pretending there aren't any
[3.372s] reading manifest file '../build/bulletros/bulletros.egg-info/SOURCES.txt'
[3.389s] writing manifest file '../build/bulletros/bulletros.egg-info/SOURCES.txt'
[3.390s] running build
[3.390s] running build_py
[3.390s] copying bulletros/sub.py -> /home/lim/bullet_ros/src/build/bulletros/build/lib/bulletros
[3.390s] running install
[3.395s] running install_lib
[3.464s] copying /home/lim/bullet_ros/src/build/bulletros/build/lib/bulletros/sub.py -> /home/lim/bullet_ros/src/install/bulletros/lib/python3.10/site-packages/bulletros
[3.465s] byte-compiling /home/lim/bullet_ros/src/install/bulletros/lib/python3.10/site-packages/bulletros/sub.py to sub.cpython-310.pyc
[3.465s] running install_data
[3.465s] running install_egg_info
[3.532s] removing '/home/lim/bullet_ros/src/install/bulletros/lib/python3.10/site-packages/bulletros-0.0.0-py3.10.egg-info' (and everything under it)
[3.532s] Copying ../build/bulletros/bulletros.egg-info to /home/lim/bullet_ros/src/install/bulletros/lib/python3.10/site-packages/bulletros-0.0.0-py3.10.egg-info
[3.556s] running install_scripts
[3.684s] Installing pub script to /home/lim/bullet_ros/src/install/bulletros/lib/bulletros
[3.684s] Installing sub script to /home/lim/bullet_ros/src/install/bulletros/lib/bulletros
[3.685s] writing list of installed files to '/home/lim/bullet_ros/src/build/bulletros/install.log'
[3.716s] Invoked command in '/home/lim/bullet_ros/src/bulletros' returned '0': PYTHONPATH=/home/lim/bullet_ros/src/build/bulletros/prefix_override:/usr/lib/python3/dist-packages/colcon_core/task/python/colcon_distutils_commands:/home/lim/bullet_ros/src/install/bulletros/lib/python3.10/site-packages:${PYTHONPATH} /usr/bin/python3 -W ignore:setup.py install is deprecated setup.py egg_info --egg-base ../build/bulletros build --build-base /home/lim/bullet_ros/src/build/bulletros/build install --record /home/lim/bullet_ros/src/build/bulletros/install.log --single-version-externally-managed install_data
