[1.739s] Invoking command in '/home/lim/bullet_ros/src/bulletros': PYTHONPATH=/home/lim/bullet_ros/src/build/bulletros/prefix_override:/usr/lib/python3/dist-packages/colcon_core/task/python/colcon_distutils_commands:/home/lim/bullet_ros/src/install/bulletros/lib/python3.10/site-packages:${PYTHONPATH} /usr/bin/python3 -W ignore:setup.py install is deprecated setup.py egg_info --egg-base ../build/bulletros build --build-base /home/lim/bullet_ros/src/build/bulletros/build install --record /home/lim/bullet_ros/src/build/bulletros/install.log --single-version-externally-managed install_data
[2.587s] running egg_info
[2.651s] writing ../build/bulletros/bulletros.egg-info/PKG-INFO
[2.697s] writing dependency_links to ../build/bulletros/bulletros.egg-info/dependency_links.txt
[2.835s] writing entry points to ../build/bulletros/bulletros.egg-info/entry_points.txt
[2.935s] writing requirements to ../build/bulletros/bulletros.egg-info/requires.txt
[2.981s] writing top-level names to ../build/bulletros/bulletros.egg-info/top_level.txt
[3.097s] ERROR setuptools_scm._file_finders.git listing git files failed - pretending there aren't any
[3.098s] reading manifest file '../build/bulletros/bulletros.egg-info/SOURCES.txt'
[3.099s] writing manifest file '../build/bulletros/bulletros.egg-info/SOURCES.txt'
[3.099s] running build
[3.099s] running build_py
[3.099s] running install
[3.104s] running install_lib
[3.169s] running install_data
[3.169s] running install_egg_info
[3.231s] removing '/home/lim/bullet_ros/src/install/bulletros/lib/python3.10/site-packages/bulletros-0.0.0-py3.10.egg-info' (and everything under it)
[3.232s] Copying ../build/bulletros/bulletros.egg-info to /home/lim/bullet_ros/src/install/bulletros/lib/python3.10/site-packages/bulletros-0.0.0-py3.10.egg-info
[3.233s] running install_scripts
[3.363s] Installing pub script to /home/lim/bullet_ros/src/install/bulletros/lib/bulletros
[3.363s] Installing sub script to /home/lim/bullet_ros/src/install/bulletros/lib/bulletros
[3.363s] writing list of installed files to '/home/lim/bullet_ros/src/build/bulletros/install.log'
[3.392s] Invoked command in '/home/lim/bullet_ros/src/bulletros' returned '0': PYTHONPATH=/home/lim/bullet_ros/src/build/bulletros/prefix_override:/usr/lib/python3/dist-packages/colcon_core/task/python/colcon_distutils_commands:/home/lim/bullet_ros/src/install/bulletros/lib/python3.10/site-packages:${PYTHONPATH} /usr/bin/python3 -W ignore:setup.py install is deprecated setup.py egg_info --egg-base ../build/bulletros build --build-base /home/lim/bullet_ros/src/build/bulletros/build install --record /home/lim/bullet_ros/src/build/bulletros/install.log --single-version-externally-managed install_data
